<?xml version="1.0" encoding="UTF-8"?>
<testsuite xmlns:xsi="http://www.w3.org/2001/XMLSchema-instance" xsi:noNamespaceSchemaLocation="https://maven.apache.org/surefire/maven-surefire-plugin/xsd/surefire-test-report.xsd" name="ApplicationTest" time="2.369" tests="2" errors="0" skipped="0" failures="0">
  <properties>
    <property name="java.specification.version" value="16"/>
    <property name="sun.jnu.encoding" value="UTF-8"/>
    <property name="java.class.path" value="/home/diego/UTEC/is/examen-final-Dio12334/target/test-classes:/home/diego/UTEC/is/examen-final-Dio12334/target/classes:/home/diego/.m2/repository/org/testng/testng/7.3.0/testng-7.3.0.jar:/home/diego/.m2/repository/com/beust/jcommander/1.78/jcommander-1.78.jar:/home/diego/.m2/repository/org/apache/ant/ant/1.10.3/ant-1.10.3.jar:/home/diego/.m2/repository/org/apache/ant/ant-launcher/1.10.3/ant-launcher-1.10.3.jar:/home/diego/.m2/repository/junit/junit/4.12/junit-4.12.jar:/home/diego/.m2/repository/org/hamcrest/hamcrest-core/1.3/hamcrest-core-1.3.jar:/home/diego/.m2/repository/com/google/inject/guice/4.2.2/guice-4.2.2-no_aop.jar:/home/diego/.m2/repository/javax/inject/javax.inject/1/javax.inject-1.jar:/home/diego/.m2/repository/aopalliance/aopalliance/1.0/aopalliance-1.0.jar:/home/diego/.m2/repository/com/google/guava/guava/25.1-android/guava-25.1-android.jar:/home/diego/.m2/repository/com/google/code/findbugs/jsr305/3.0.2/jsr305-3.0.2.jar:/home/diego/.m2/repository/org/checkerframework/checker-compat-qual/2.0.0/checker-compat-qual-2.0.0.jar:/home/diego/.m2/repository/com/google/errorprone/error_prone_annotations/2.1.3/error_prone_annotations-2.1.3.jar:/home/diego/.m2/repository/com/google/j2objc/j2objc-annotations/1.1/j2objc-annotations-1.1.jar:/home/diego/.m2/repository/org/codehaus/mojo/animal-sniffer-annotations/1.14/animal-sniffer-annotations-1.14.jar:/home/diego/.m2/repository/org/yaml/snakeyaml/1.21/snakeyaml-1.21.jar:/home/diego/.m2/repository/org/junit/jupiter/junit-jupiter/5.8.0-M1/junit-jupiter-5.8.0-M1.jar:/home/diego/.m2/repository/org/junit/jupiter/junit-jupiter-api/5.8.0-M1/junit-jupiter-api-5.8.0-M1.jar:/home/diego/.m2/repository/org/apiguardian/apiguardian-api/1.1.1/apiguardian-api-1.1.1.jar:/home/diego/.m2/repository/org/opentest4j/opentest4j/1.2.0/opentest4j-1.2.0.jar:/home/diego/.m2/repository/org/junit/platform/junit-platform-commons/1.8.0-M1/junit-platform-commons-1.8.0-M1.jar:/home/diego/.m2/repository/org/junit/jupiter/junit-jupiter-params/5.8.0-M1/junit-jupiter-params-5.8.0-M1.jar:/home/diego/.m2/repository/org/junit/jupiter/junit-jupiter-engine/5.8.0-M1/junit-jupiter-engine-5.8.0-M1.jar:/home/diego/.m2/repository/org/junit/platform/junit-platform-engine/1.8.0-M1/junit-platform-engine-1.8.0-M1.jar:/home/diego/.m2/repository/org/jetbrains/kotlin/kotlin-stdlib-jdk8/1.4.20/kotlin-stdlib-jdk8-1.4.20.jar:/home/diego/.m2/repository/org/jetbrains/kotlin/kotlin-stdlib/1.4.20/kotlin-stdlib-1.4.20.jar:/home/diego/.m2/repository/org/jetbrains/kotlin/kotlin-stdlib-common/1.4.20/kotlin-stdlib-common-1.4.20.jar:/home/diego/.m2/repository/org/jetbrains/annotations/13.0/annotations-13.0.jar:/home/diego/.m2/repository/org/jetbrains/kotlin/kotlin-stdlib-jdk7/1.4.20/kotlin-stdlib-jdk7-1.4.20.jar:"/>
    <property name="java.vm.vendor" value="Oracle Corporation"/>
    <property name="sun.arch.data.model" value="64"/>
    <property name="java.vendor.url" value="https://java.oracle.com/"/>
    <property name="os.name" value="Linux"/>
    <property name="java.vm.specification.version" value="16"/>
    <property name="sun.java.launcher" value="SUN_STANDARD"/>
    <property name="user.country" value="US"/>
    <property name="sun.boot.library.path" value="/usr/lib/jvm/jdk-16.0.1/lib"/>
    <property name="sun.java.command" value="/home/diego/UTEC/is/examen-final-Dio12334/target/surefire/surefirebooter10034907831215619787.jar /home/diego/UTEC/is/examen-final-Dio12334/target/surefire 2021-07-26T17-46-03_135-jvmRun1 surefire609587425779135971tmp surefire_0566592048384735202tmp"/>
    <property name="jdk.debug" value="release"/>
    <property name="surefire.test.class.path" value="/home/diego/UTEC/is/examen-final-Dio12334/target/test-classes:/home/diego/UTEC/is/examen-final-Dio12334/target/classes:/home/diego/.m2/repository/org/testng/testng/7.3.0/testng-7.3.0.jar:/home/diego/.m2/repository/com/beust/jcommander/1.78/jcommander-1.78.jar:/home/diego/.m2/repository/org/apache/ant/ant/1.10.3/ant-1.10.3.jar:/home/diego/.m2/repository/org/apache/ant/ant-launcher/1.10.3/ant-launcher-1.10.3.jar:/home/diego/.m2/repository/junit/junit/4.12/junit-4.12.jar:/home/diego/.m2/repository/org/hamcrest/hamcrest-core/1.3/hamcrest-core-1.3.jar:/home/diego/.m2/repository/com/google/inject/guice/4.2.2/guice-4.2.2-no_aop.jar:/home/diego/.m2/repository/javax/inject/javax.inject/1/javax.inject-1.jar:/home/diego/.m2/repository/aopalliance/aopalliance/1.0/aopalliance-1.0.jar:/home/diego/.m2/repository/com/google/guava/guava/25.1-android/guava-25.1-android.jar:/home/diego/.m2/repository/com/google/code/findbugs/jsr305/3.0.2/jsr305-3.0.2.jar:/home/diego/.m2/repository/org/checkerframework/checker-compat-qual/2.0.0/checker-compat-qual-2.0.0.jar:/home/diego/.m2/repository/com/google/errorprone/error_prone_annotations/2.1.3/error_prone_annotations-2.1.3.jar:/home/diego/.m2/repository/com/google/j2objc/j2objc-annotations/1.1/j2objc-annotations-1.1.jar:/home/diego/.m2/repository/org/codehaus/mojo/animal-sniffer-annotations/1.14/animal-sniffer-annotations-1.14.jar:/home/diego/.m2/repository/org/yaml/snakeyaml/1.21/snakeyaml-1.21.jar:/home/diego/.m2/repository/org/junit/jupiter/junit-jupiter/5.8.0-M1/junit-jupiter-5.8.0-M1.jar:/home/diego/.m2/repository/org/junit/jupiter/junit-jupiter-api/5.8.0-M1/junit-jupiter-api-5.8.0-M1.jar:/home/diego/.m2/repository/org/apiguardian/apiguardian-api/1.1.1/apiguardian-api-1.1.1.jar:/home/diego/.m2/repository/org/opentest4j/opentest4j/1.2.0/opentest4j-1.2.0.jar:/home/diego/.m2/repository/org/junit/platform/junit-platform-commons/1.8.0-M1/junit-platform-commons-1.8.0-M1.jar:/home/diego/.m2/repository/org/junit/jupiter/junit-jupiter-params/5.8.0-M1/junit-jupiter-params-5.8.0-M1.jar:/home/diego/.m2/repository/org/junit/jupiter/junit-jupiter-engine/5.8.0-M1/junit-jupiter-engine-5.8.0-M1.jar:/home/diego/.m2/repository/org/junit/platform/junit-platform-engine/1.8.0-M1/junit-platform-engine-1.8.0-M1.jar:/home/diego/.m2/repository/org/jetbrains/kotlin/kotlin-stdlib-jdk8/1.4.20/kotlin-stdlib-jdk8-1.4.20.jar:/home/diego/.m2/repository/org/jetbrains/kotlin/kotlin-stdlib/1.4.20/kotlin-stdlib-1.4.20.jar:/home/diego/.m2/repository/org/jetbrains/kotlin/kotlin-stdlib-common/1.4.20/kotlin-stdlib-common-1.4.20.jar:/home/diego/.m2/repository/org/jetbrains/annotations/13.0/annotations-13.0.jar:/home/diego/.m2/repository/org/jetbrains/kotlin/kotlin-stdlib-jdk7/1.4.20/kotlin-stdlib-jdk7-1.4.20.jar:"/>
    <property name="sun.cpu.endian" value="little"/>
    <property name="user.home" value="/home/diego"/>
    <property name="user.language" value="en"/>
    <property name="java.specification.vendor" value="Oracle Corporation"/>
    <property name="java.version.date" value="2021-04-20"/>
    <property name="java.home" value="/usr/lib/jvm/jdk-16.0.1"/>
    <property name="file.separator" value="/"/>
    <property name="basedir" value="/home/diego/UTEC/is/examen-final-Dio12334"/>
    <property name="java.vm.compressedOopsMode" value="Zero based"/>
    <property name="line.separator" value="&#10;"/>
    <property name="java.vm.specification.vendor" value="Oracle Corporation"/>
    <property name="java.specification.name" value="Java Platform API Specification"/>
    <property name="surefire.real.class.path" value="/home/diego/UTEC/is/examen-final-Dio12334/target/surefire/surefirebooter10034907831215619787.jar"/>
    <property name="sun.management.compiler" value="HotSpot 64-Bit Tiered Compilers"/>
    <property name="java.runtime.version" value="16.0.1+9-24"/>
    <property name="user.name" value="diego"/>
    <property name="path.separator" value=":"/>
    <property name="os.version" value="5.4.0-80-generic"/>
    <property name="java.runtime.name" value="Java(TM) SE Runtime Environment"/>
    <property name="file.encoding" value="UTF-8"/>
    <property name="java.vm.name" value="Java HotSpot(TM) 64-Bit Server VM"/>
    <property name="localRepository" value="/home/diego/.m2/repository"/>
    <property name="java.vendor.url.bug" value="https://bugreport.java.com/bugreport/"/>
    <property name="java.io.tmpdir" value="/tmp"/>
    <property name="java.version" value="16.0.1"/>
    <property name="user.dir" value="/home/diego/UTEC/is/examen-final-Dio12334"/>
    <property name="os.arch" value="amd64"/>
    <property name="java.vm.specification.name" value="Java Virtual Machine Specification"/>
    <property name="java.library.path" value="/usr/java/packages/lib:/usr/lib64:/lib64:/lib:/usr/lib"/>
    <property name="java.vm.info" value="mixed mode, sharing"/>
    <property name="java.vendor" value="Oracle Corporation"/>
    <property name="java.vm.version" value="16.0.1+9-24"/>
    <property name="sun.io.unicode.encoding" value="UnicodeLittle"/>
    <property name="java.class.version" value="60.0"/>
  </properties>
  <testcase name="test1" classname="ApplicationTest" time="0.366"/>
  <testcase name="test2" classname="ApplicationTest" time="0.063"/>
</testsuite>