<?xml version="1.0" encoding="UTF-8"?>
<!-- Generated by org.testng.reporters.JUnitReportReporter -->
<testsuite hostname="diego-X411UN" failures="0" tests="2" name="ApplicationTest" time="0.403" errors="0" timestamp="2021-07-26T17:46:07 PET" skipped="0">
  <testcase classname="ApplicationTest" name="test2" time="0.221"/>
  <system-out/>
  <testcase classname="ApplicationTest" name="test1" time="0.182"/>
  <system-out/>
</testsuite> <!-- ApplicationTest -->
