<?xml version="1.0" encoding="UTF-8"?>
<!-- Generated by org.testng.reporters.JUnitReportReporter -->
<testsuite hostname="diego-X411UN" failures="0" tests="1" name="ApplicationTest" time="0.110" errors="0" timestamp="2021-07-26T17:04:07 PET" skipped="0">
  <testcase classname="ApplicationTest" name="test1" time="0.110"/>
  <system-out/>
</testsuite> <!-- ApplicationTest -->
